# JRE version: OpenJDK Runtime Environment (17.0.6) (build 17.0.6+0-b2043.56-10027231)
# Java VM: OpenJDK 64-Bit Server VM (17.0.6+0-b2043.56-10027231, mixed mode, tiered, compressed oops, compressed class ptrs, g1 gc, windows-amd64)
GC Precious Log:
 CPUs: 12 total, 12 available
 Memory: 16057M
 Large Page Support: Disabled
 NUMA Support: Disabled
 Compressed Oops: Enabled (32-bit)
 Heap Region Size: 1M
 Heap Min Capacity: 8M
 Heap Initial Capacity: 252M
 Heap Max Capacity: 2G
 Pre-touch: Disabled
 Parallel Workers: 10
 Concurrent Workers: 3
 Concurrent Refinement Workers: 10
 Periodic GC: Disabled
Heap:
 garbage-first heap   total 405504K, used 217996K [0x0000000080000000, 0x0000000100000000)
  region size 1024K, 5 young (5120K), 5 survivors (5120K)
 Metaspace       used 102515K, committed 103872K, reserved 1138688K
  class space    used 14224K, committed 14848K, reserved 1048576K
GC Heap History (20 events):
Event: 173.478 GC heap after
{Heap after GC invocations=56 (full 0):
 garbage-first heap   total 405504K, used 207500K [0x0000000080000000, 0x0000000100000000)
  region size 1024K, 1 young (1024K), 1 survivors (1024K)
 Metaspace       used 100080K, committed 101184K, reserved 1138688K
  class space    used 14023K, committed 14528K, reserved 1048576K
}
Event: 174.013 GC heap before
{Heap before GC invocations=56 (full 0):
 garbage-first heap   total 405504K, used 261772K [0x0000000080000000, 0x0000000100000000)
  region size 1024K, 56 young (57344K), 1 survivors (1024K)
 Metaspace       used 100737K, committed 101952K, reserved 1138688K
  class space    used 14119K, committed 14656K, reserved 1048576K
}
Event: 174.017 GC heap after
{Heap after GC invocations=57 (full 0):
 garbage-first heap   total 405504K, used 211409K [0x0000000080000000, 0x0000000100000000)
  region size 1024K, 5 young (5120K), 5 survivors (5120K)
 Metaspace       used 100737K, committed 101952K, reserved 1138688K
  class space    used 14119K, committed 14656K, reserved 1048576K
}
Event: 470.230 GC heap before
{Heap before GC invocations=58 (full 0):
 garbage-first heap   total 405504K, used 332241K [0x0000000080000000, 0x0000000100000000)
  region size 1024K, 123 young (125952K), 5 survivors (5120K)
 Metaspace       used 101348K, committed 102592K, reserved 1138688K
  class space    used 14146K, committed 14720K, reserved 1048576K
}
Event: 470.241 GC heap after
{Heap after GC invocations=59 (full 0):
 garbage-first heap   total 405504K, used 224938K [0x0000000080000000, 0x0000000100000000)
  region size 1024K, 16 young (16384K), 16 survivors (16384K)
 Metaspace       used 101348K, committed 102592K, reserved 1138688K
  class space    used 14146K, committed 14720K, reserved 1048576K
}
Event: 470.250 GC heap before
{Heap before GC invocations=59 (full 0):
 garbage-first heap   total 405504K, used 226986K [0x0000000080000000, 0x0000000100000000)
  region size 1024K, 19 young (19456K), 16 survivors (16384K)
 Metaspace       used 101350K, committed 102592K, reserved 1138688K
  class space    used 14146K, committed 14720K, reserved 1048576K
}
Event: 470.262 GC heap after
{Heap after GC invocations=60 (full 0):
 garbage-first heap   total 405504K, used 213984K [0x0000000080000000, 0x0000000100000000)
  region size 1024K, 2 young (2048K), 2 survivors (2048K)
 Metaspace       used 101350K, committed 102592K, reserved 1138688K
  class space    used 14146K, committed 14720K, reserved 1048576K
}
Event: 470.712 GC heap before
{Heap before GC invocations=60 (full 0):
 garbage-first heap   total 405504K, used 262112K [0x0000000080000000, 0x0000000100000000)
  region size 1024K, 51 young (52224K), 2 survivors (2048K)
 Metaspace       used 101473K, committed 102720K, reserved 1138688K
  class space    used 14150K, committed 14720K, reserved 1048576K
}
Event: 470.716 GC heap after
{Heap after GC invocations=61 (full 0):
 garbage-first heap   total 405504K, used 216433K [0x0000000080000000, 0x0000000100000000)
  region size 1024K, 5 young (5120K), 5 survivors (5120K)
 Metaspace       used 101473K, committed 102720K, reserved 1138688K
  class space    used 14150K, committed 14720K, reserved 1048576K
}
Event: 942.437 GC heap before
{Heap before GC invocations=62 (full 0):
 garbage-first heap   total 405504K, used 326981K [0x0000000080000000, 0x0000000100000000)
  region size 1024K, 117 young (119808K), 5 survivors (5120K)
 Metaspace       used 102043K, committed 103360K, reserved 1138688K
  class space    used 14190K, committed 14784K, reserved 1048576K
}
Event: 942.448 GC heap after
{Heap after GC invocations=63 (full 0):
 garbage-first heap   total 405504K, used 225490K [0x0000000080000000, 0x0000000100000000)
  region size 1024K, 15 young (15360K), 15 survivors (15360K)
 Metaspace       used 102043K, committed 103360K, reserved 1138688K
  class space    used 14190K, committed 14784K, reserved 1048576K
}
Event: 942.479 GC heap before
{Heap before GC invocations=63 (full 0):
 garbage-first heap   total 405504K, used 228562K [0x0000000080000000, 0x0000000100000000)
  region size 1024K, 19 young (19456K), 15 survivors (15360K)
 Metaspace       used 102054K, committed 103360K, reserved 1138688K
  class space    used 14190K, committed 14784K, reserved 1048576K
}
Event: 942.492 GC heap after
{Heap after GC invocations=64 (full 0):
 garbage-first heap   total 405504K, used 213118K [0x0000000080000000, 0x0000000100000000)
  region size 1024K, 2 young (2048K), 2 survivors (2048K)
 Metaspace       used 102054K, committed 103360K, reserved 1138688K
  class space    used 14190K, committed 14784K, reserved 1048576K
}
Event: 942.860 GC heap before
{Heap before GC invocations=64 (full 0):
 garbage-first heap   total 405504K, used 265342K [0x0000000080000000, 0x0000000100000000)
  region size 1024K, 55 young (56320K), 2 survivors (2048K)
 Metaspace       used 102157K, committed 103424K, reserved 1138688K
  class space    used 14208K, committed 14784K, reserved 1048576K
}
Event: 942.864 GC heap after
{Heap after GC invocations=65 (full 0):
 garbage-first heap   total 405504K, used 216650K [0x0000000080000000, 0x0000000100000000)
  region size 1024K, 5 young (5120K), 5 survivors (5120K)
 Metaspace       used 102157K, committed 103424K, reserved 1138688K
  class space    used 14208K, committed 14784K, reserved 1048576K
}
Event: 1228.718 GC heap before
{Heap before GC invocations=66 (full 0):
 garbage-first heap   total 405504K, used 333386K [0x0000000080000000, 0x0000000100000000)
  region size 1024K, 119 young (121856K), 5 survivors (5120K)
 Metaspace       used 102486K, committed 103872K, reserved 1138688K
  class space    used 14222K, committed 14848K, reserved 1048576K
}
Event: 1228.726 GC heap after
{Heap after GC invocations=67 (full 0):
 garbage-first heap   total 405504K, used 229904K [0x0000000080000000, 0x0000000100000000)
  region size 1024K, 15 young (15360K), 15 survivors (15360K)
 Metaspace       used 102486K, committed 103872K, reserved 1138688K
  class space    used 14222K, committed 14848K, reserved 1048576K
}
Event: 1228.741 GC heap before
{Heap before GC invocations=67 (full 0):
 garbage-first heap   total 405504K, used 232976K [0x0000000080000000, 0x0000000100000000)
  region size 1024K, 19 young (19456K), 15 survivors (15360K)
 Metaspace       used 102487K, committed 103872K, reserved 1138688K
  class space    used 14222K, committed 14848K, reserved 1048576K
}
Event: 1228.755 GC heap after
{Heap after GC invocations=68 (full 0):
 garbage-first heap   total 405504K, used 215997K [0x0000000080000000, 0x0000000100000000)
  region size 1024K, 3 young (3072K), 3 survivors (3072K)
 Metaspace       used 102487K, committed 103872K, reserved 1138688K
  class space    used 14222K, committed 14848K, reserved 1048576K
}
Event: 1229.095 GC heap before
{Heap before GC invocations=68 (full 0):
 garbage-first heap   total 405504K, used 261053K [0x0000000080000000, 0x0000000100000000)
  region size 1024K, 49 young (50176K), 3 survivors (3072K)
 Metaspace       used 102515K, committed 103872K, reserved 1138688K
  class space    used 14224K, committed 14848K, reserved 1048576K
}

